<?xml version="1.0" encoding="UTF-8"?>
<!-- Generated by org.testng.reporters.JUnitReportReporter -->
<testsuite skipped="0" hostname="Lenovo" name="assignments.ListIsSorted" tests="1" failures="0" timestamp="27 Aug 2019 05:08:29 GMT" time="6.590" errors="0">
  <testcase name="sortedlist" time="6.590" classname="assignments.ListIsSorted"/>
</testsuite> <!-- assignments.ListIsSorted -->
