<?xml version="1.0" encoding="UTF-8"?>
<!-- Generated by org.testng.reporters.JUnitReportReporter -->
<testsuite skipped="0" hostname="Lenovo" name="assignments.Naukri" tests="1" failures="0" timestamp="26 Aug 2019 15:29:18 GMT" time="21.865" errors="0">
  <testcase name="closewindow" time="21.865" classname="assignments.Naukri"/>
</testsuite> <!-- assignments.Naukri -->
