<?xml version="1.0" encoding="UTF-8"?>
<!-- Generated by org.testng.reporters.JUnitReportReporter -->
<testsuite skipped="0" hostname="Lenovo" name="com.frameworkdemo.excel.Login" tests="1" failures="0" timestamp="27 Aug 2019 11:52:23 GMT" time="11.534" errors="0">
  <testcase name="TC01" time="11.534" classname="com.frameworkdemo.excel.Login"/>
</testsuite> <!-- com.frameworkdemo.excel.Login -->
