<?xml version="1.0" encoding="UTF-8"?>
<!-- Generated by org.testng.reporters.JUnitReportReporter -->
<testsuite skipped="0" hostname="Lenovo" name="assignments.ListIsSorted" tests="1" failures="0" timestamp="26 Aug 2019 15:57:44 GMT" time="4.644" errors="0">
  <testcase name="sortedlist" time="4.644" classname="assignments.ListIsSorted"/>
</testsuite> <!-- assignments.ListIsSorted -->
