<?xml version="1.0" encoding="UTF-8"?>
<!-- Generated by org.testng.reporters.JUnitReportReporter -->
<testsuite skipped="0" hostname="Lenovo" name="assignments.Closingwindow" tests="1" failures="0" timestamp="26 Aug 2019 15:32:40 GMT" time="16.957" errors="0">
  <testcase name="closealternate" time="16.957" classname="assignments.Closingwindow"/>
</testsuite> <!-- assignments.Closingwindow -->
