<?xml version="1.0" encoding="UTF-8"?>
<!-- Generated by org.testng.reporters.JUnitReportReporter -->
<testsuite skipped="0" hostname="Lenovo" name="org.actitime.scripts.Actimelogin" tests="1" failures="0" timestamp="26 Aug 2019 12:03:10 GMT" time="17.255" errors="0">
  <testcase name="login" time="17.255" classname="org.actitime.scripts.Actimelogin"/>
</testsuite> <!-- org.actitime.scripts.Actimelogin -->
